<?xml version="1.0" encoding="UTF-8"?>
<testsuite name="edu.bsu.cs222.SearchTest" tests="1" skipped="0" failures="0" errors="0" timestamp="2021-09-21T12:43:02" hostname="DESKTOP-BVK57NJ" time="1.204">
  <properties/>
  <testcase name="ConnectionTest()" classname="edu.bsu.cs222.SearchTest" time="1.204"/>
  <system-out><![CDATA[]]></system-out>
  <system-err><![CDATA[]]></system-err>
</testsuite>
